TN:
SF:config.ts
FNF:0
FNH:0
DA:1,1
DA:2,1
DA:4,1
LF:3
LH:3
BRF:0
BRH:0
end_of_record
TN:
SF:index.ts
FN:17,(anonymous_1)
FNF:1
FNH:1
FNDA:1,(anonymous_1)
DA:3,1
DA:4,1
DA:5,1
DA:6,1
DA:7,1
DA:8,1
DA:10,1
DA:12,1
DA:13,1
DA:14,1
DA:15,1
DA:17,1
DA:19,1
DA:21,1
LF:14
LH:14
BRF:0
BRH:0
end_of_record
TN:
SF:router.ts
FN:18,(anonymous_1)
FNF:1
FNH:1
FNDA:1,(anonymous_1)
DA:2,1
DA:3,1
DA:6,1
DA:7,1
DA:10,1
DA:11,1
DA:14,1
DA:15,1
DA:18,1
DA:19,1
DA:20,1
DA:24,1
DA:25,1
DA:26,1
DA:27,1
DA:28,1
DA:31,1
DA:32,1
DA:35,1
DA:36,1
DA:37,1
DA:38,1
DA:39,1
DA:40,1
DA:41,1
DA:42,1
DA:45,1
DA:47,1
LF:28
LH:28
BRF:0
BRH:0
end_of_record
TN:
SF:controllers/users/getUser.ts
FN:5,(anonymous_8)
FN:5,(anonymous_9)
FNF:2
FNH:0
FNDA:0,(anonymous_8)
FNDA:0,(anonymous_9)
DA:3,1
DA:5,1
DA:6,0
DA:7,0
DA:9,0
DA:10,0
DA:12,0
DA:13,0
DA:15,0
DA:17,0
DA:21,1
LF:11
LH:3
BRF:0
BRH:0
end_of_record
TN:
SF:controllers/users/postUser.ts
FN:6,(anonymous_8)
FN:6,(anonymous_9)
FNF:2
FNH:0
FNDA:0,(anonymous_8)
FNDA:0,(anonymous_9)
DA:2,1
DA:6,1
DA:7,0
DA:8,0
DA:9,0
DA:15,0
DA:16,0
DA:17,0
DA:19,0
DA:20,0
DA:22,0
DA:26,1
LF:12
LH:3
BRF:0
BRH:0
end_of_record
TN:
SF:controllers/wannaGoControllers/deleteWannaGos.ts
FN:5,(anonymous_8)
FN:5,(anonymous_9)
FNF:2
FNH:0
FNDA:0,(anonymous_8)
FNDA:0,(anonymous_9)
DA:2,1
DA:5,1
DA:6,0
DA:7,0
DA:8,0
DA:10,0
DA:11,0
DA:12,0
DA:15,0
DA:19,1
LF:10
LH:3
BRF:0
BRH:0
end_of_record
TN:
SF:controllers/wannaGoControllers/getWannaGos.ts
FN:5,(anonymous_8)
FN:5,(anonymous_9)
FN:19,(anonymous_10)
FN:19,(anonymous_11)
FN:34,(anonymous_12)
FN:34,(anonymous_13)
FN:51,(anonymous_14)
FN:51,(anonymous_15)
FNF:8
FNH:0
FNDA:0,(anonymous_8)
FNDA:0,(anonymous_9)
FNDA:0,(anonymous_10)
FNDA:0,(anonymous_11)
FNDA:0,(anonymous_12)
FNDA:0,(anonymous_13)
FNDA:0,(anonymous_14)
FNDA:0,(anonymous_15)
DA:2,1
DA:5,1
DA:6,0
DA:7,0
DA:8,0
DA:9,0
DA:11,0
DA:13,0
DA:15,0
DA:19,1
DA:20,0
DA:22,0
DA:23,0
DA:24,0
DA:26,0
DA:28,0
DA:30,0
DA:34,1
DA:35,0
DA:36,0
DA:37,0
DA:42,0
DA:43,0
DA:45,0
DA:47,0
DA:51,1
DA:52,0
DA:53,0
DA:55,0
DA:56,0
DA:58,0
DA:59,0
DA:61,0
DA:63,0
DA:67,1
LF:35
LH:6
BRF:0
BRH:0
end_of_record
TN:
SF:controllers/wannaGoControllers/postWannaGos.ts
FN:5,(anonymous_8)
FN:5,(anonymous_9)
FNF:2
FNH:0
FNDA:0,(anonymous_8)
FNDA:0,(anonymous_9)
DA:1,1
DA:5,1
DA:6,0
DA:7,0
DA:8,0
DA:15,0
DA:16,0
DA:17,0
DA:19,0
DA:20,0
DA:22,0
DA:26,1
LF:12
LH:3
BRF:0
BRH:0
end_of_record
TN:
SF:controllers/wannaGoControllers/putWannaGos.ts
FN:5,(anonymous_8)
FN:5,(anonymous_9)
FN:27,(anonymous_10)
FN:27,(anonymous_11)
FN:47,(anonymous_12)
FN:47,(anonymous_13)
FN:65,(anonymous_14)
FN:65,(anonymous_15)
FN:83,(anonymous_16)
FN:83,(anonymous_17)
FN:103,(anonymous_18)
FN:103,(anonymous_19)
FN:121,(anonymous_20)
FN:121,(anonymous_21)
FN:142,(anonymous_22)
FN:142,(anonymous_23)
FNF:16
FNH:0
FNDA:0,(anonymous_8)
FNDA:0,(anonymous_9)
FNDA:0,(anonymous_10)
FNDA:0,(anonymous_11)
FNDA:0,(anonymous_12)
FNDA:0,(anonymous_13)
FNDA:0,(anonymous_14)
FNDA:0,(anonymous_15)
FNDA:0,(anonymous_16)
FNDA:0,(anonymous_17)
FNDA:0,(anonymous_18)
FNDA:0,(anonymous_19)
FNDA:0,(anonymous_20)
FNDA:0,(anonymous_21)
FNDA:0,(anonymous_22)
FNDA:0,(anonymous_23)
DA:1,1
DA:5,1
DA:6,0
DA:7,0
DA:8,0
DA:14,0
DA:17,0
DA:18,0
DA:20,0
DA:21,0
DA:23,0
DA:27,1
DA:28,0
DA:29,0
DA:30,0
DA:34,0
DA:37,0
DA:38,0
DA:40,0
DA:41,0
DA:43,0
DA:47,1
DA:48,0
DA:49,0
DA:50,0
DA:54,0
DA:55,0
DA:56,0
DA:58,0
DA:59,0
DA:61,0
DA:65,1
DA:66,0
DA:67,0
DA:68,0
DA:72,0
DA:73,0
DA:74,0
DA:76,0
DA:77,0
DA:79,0
DA:83,1
DA:84,0
DA:85,0
DA:86,0
DA:90,0
DA:93,0
DA:94,0
DA:96,0
DA:97,0
DA:99,0
DA:103,1
DA:104,0
DA:105,0
DA:106,0
DA:110,0
DA:111,0
DA:112,0
DA:114,0
DA:115,0
DA:117,0
DA:121,1
DA:122,0
DA:123,0
DA:124,0
DA:128,0
DA:131,0
DA:132,0
DA:134,0
DA:135,0
DA:137,0
DA:142,1
DA:143,0
DA:144,0
DA:145,0
DA:149,0
DA:152,0
DA:153,0
DA:155,0
DA:156,0
DA:158,0
DA:162,1
LF:82
LH:10
BRF:0
BRH:0
end_of_record
TN:
SF:models/index.ts
FN:11,(anonymous_1)
FNF:1
FNH:0
FNDA:0,(anonymous_1)
DA:1,1
DA:2,1
DA:4,1
DA:6,1
DA:11,1
DA:13,0
DA:15,1
LF:7
LH:6
BRF:0
BRH:0
end_of_record
TN:
SF:models/userModel.ts
FNF:0
FNH:0
DA:1,1
DA:2,1
DA:10,1
DA:18,1
LF:4
LH:4
BRF:0
BRH:0
end_of_record
TN:
SF:models/wannaGoModel.ts
FNF:0
FNH:0
DA:1,1
DA:2,1
DA:20,1
DA:35,1
LF:4
LH:4
BRF:0
BRH:0
end_of_record
